21:43:15 **** Incremental Build of configuration Debug for project LCD_I2C ****
make -j8 all 
arm-none-eabi-gcc "../Drivers/STM32F4xx_HAL_Driver/Src/stm32f4xx_hal.c" -mcpu=cortex-m4 -std=gnu11 -g3 -DDEBUG -DUSE_HAL_DRIVER -DSTM32F407xx -c -I../Core/Inc -I../Drivers/STM32F4xx_HAL_Driver/Inc -I../Drivers/STM32F4xx_HAL_Driver/Inc/Legacy -I../Drivers/CMSIS/Device/ST/STM32F4xx/Include -I../Drivers/CMSIS/Include -O0 -ffunction-sections -fdata-sections -Wall -fstack-usage -fcyclomatic-complexity -MMD -MP -MF"Drivers/STM32F4xx_HAL_Driver/Src/stm32f4xx_hal.d" -MT"Drivers/STM32F4xx_HAL_Driver/Src/stm32f4xx_hal.o" --specs=nano.specs -mfpu=fpv4-sp-d16 -mfloat-abi=hard -mthumb -o "Drivers/STM32F4xx_HAL_Driver/Src/stm32f4xx_hal.o"
arm-none-eabi-gcc "../Drivers/STM32F4xx_HAL_Driver/Src/stm32f4xx_hal_cortex.c" -mcpu=cortex-m4 -std=gnu11 -g3 -DDEBUG -DUSE_HAL_DRIVER -DSTM32F407xx -c -I../Core/Inc -I../Drivers/STM32F4xx_HAL_Driver/Inc -I../Drivers/STM32F4xx_HAL_Driver/Inc/Legacy -I../Drivers/CMSIS/Device/ST/STM32F4xx/Include -I../Drivers/CMSIS/Include -O0 -ffunction-sections -fdata-sections -Wall -fstack-usage -fcyclomatic-complexity -MMD -MP -MF"Drivers/STM32F4xx_HAL_Driver/Src/stm32f4xx_hal_cortex.d" -MT"Drivers/STM32F4xx_HAL_Driver/Src/stm32f4xx_hal_cortex.o" --specs=nano.specs -mfpu=fpv4-sp-d16 -mfloat-abi=hard -mthumb -o "Drivers/STM32F4xx_HAL_Driver/Src/stm32f4xx_hal_cortex.o"
arm-none-eabi-gcc "../Drivers/STM32F4xx_HAL_Driver/Src/stm32f4xx_hal_dma.c" -mcpu=cortex-m4 -std=gnu11 -g3 -DDEBUG -DUSE_HAL_DRIVER -DSTM32F407xx -c -I../Core/Inc -I../Drivers/STM32F4xx_HAL_Driver/Inc -I../Drivers/STM32F4xx_HAL_Driver/Inc/Legacy -I../Drivers/CMSIS/Device/ST/STM32F4xx/Include -I../Drivers/CMSIS/Include -O0 -ffunction-sections -fdata-sections -Wall -fstack-usage -fcyclomatic-complexity -MMD -MP -MF"Drivers/STM32F4xx_HAL_Driver/Src/stm32f4xx_hal_dma.d" -MT"Drivers/STM32F4xx_HAL_Driver/Src/stm32f4xx_hal_dma.o" --specs=nano.specs -mfpu=fpv4-sp-d16 -mfloat-abi=hard -mthumb -o "Drivers/STM32F4xx_HAL_Driver/Src/stm32f4xx_hal_dma.o"
arm-none-eabi-gcc "../Drivers/STM32F4xx_HAL_Driver/Src/stm32f4xx_hal_dma_ex.c" -mcpu=cortex-m4 -std=gnu11 -g3 -DDEBUG -DUSE_HAL_DRIVER -DSTM32F407xx -c -I../Core/Inc -I../Drivers/STM32F4xx_HAL_Driver/Inc -I../Drivers/STM32F4xx_HAL_Driver/Inc/Legacy -I../Drivers/CMSIS/Device/ST/STM32F4xx/Include -I../Drivers/CMSIS/Include -O0 -ffunction-sections -fdata-sections -Wall -fstack-usage -fcyclomatic-complexity -MMD -MP -MF"Drivers/STM32F4xx_HAL_Driver/Src/stm32f4xx_hal_dma_ex.d" -MT"Drivers/STM32F4xx_HAL_Driver/Src/stm32f4xx_hal_dma_ex.o" --specs=nano.specs -mfpu=fpv4-sp-d16 -mfloat-abi=hard -mthumb -o "Drivers/STM32F4xx_HAL_Driver/Src/stm32f4xx_hal_dma_ex.o"
arm-none-eabi-gcc "../Drivers/STM32F4xx_HAL_Driver/Src/stm32f4xx_hal_exti.c" -mcpu=cortex-m4 -std=gnu11 -g3 -DDEBUG -DUSE_HAL_DRIVER -DSTM32F407xx -c -I../Core/Inc -I../Drivers/STM32F4xx_HAL_Driver/Inc -I../Drivers/STM32F4xx_HAL_Driver/Inc/Legacy -I../Drivers/CMSIS/Device/ST/STM32F4xx/Include -I../Drivers/CMSIS/Include -O0 -ffunction-sections -fdata-sections -Wall -fstack-usage -fcyclomatic-complexity -MMD -MP -MF"Drivers/STM32F4xx_HAL_Driver/Src/stm32f4xx_hal_exti.d" -MT"Drivers/STM32F4xx_HAL_Driver/Src/stm32f4xx_hal_exti.o" --specs=nano.specs -mfpu=fpv4-sp-d16 -mfloat-abi=hard -mthumb -o "Drivers/STM32F4xx_HAL_Driver/Src/stm32f4xx_hal_exti.o"
arm-none-eabi-gcc "../Drivers/STM32F4xx_HAL_Driver/Src/stm32f4xx_hal_flash.c" -mcpu=cortex-m4 -std=gnu11 -g3 -DDEBUG -DUSE_HAL_DRIVER -DSTM32F407xx -c -I../Core/Inc -I../Drivers/STM32F4xx_HAL_Driver/Inc -I../Drivers/STM32F4xx_HAL_Driver/Inc/Legacy -I../Drivers/CMSIS/Device/ST/STM32F4xx/Include -I../Drivers/CMSIS/Include -O0 -ffunction-sections -fdata-sections -Wall -fstack-usage -fcyclomatic-complexity -MMD -MP -MF"Drivers/STM32F4xx_HAL_Driver/Src/stm32f4xx_hal_flash.d" -MT"Drivers/STM32F4xx_HAL_Driver/Src/stm32f4xx_hal_flash.o" --specs=nano.specs -mfpu=fpv4-sp-d16 -mfloat-abi=hard -mthumb -o "Drivers/STM32F4xx_HAL_Driver/Src/stm32f4xx_hal_flash.o"
arm-none-eabi-gcc "../Drivers/STM32F4xx_HAL_Driver/Src/stm32f4xx_hal_flash_ex.c" -mcpu=cortex-m4 -std=gnu11 -g3 -DDEBUG -DUSE_HAL_DRIVER -DSTM32F407xx -c -I../Core/Inc -I../Drivers/STM32F4xx_HAL_Driver/Inc -I../Drivers/STM32F4xx_HAL_Driver/Inc/Legacy -I../Drivers/CMSIS/Device/ST/STM32F4xx/Include -I../Drivers/CMSIS/Include -O0 -ffunction-sections -fdata-sections -Wall -fstack-usage -fcyclomatic-complexity -MMD -MP -MF"Drivers/STM32F4xx_HAL_Driver/Src/stm32f4xx_hal_flash_ex.d" -MT"Drivers/STM32F4xx_HAL_Driver/Src/stm32f4xx_hal_flash_ex.o" --specs=nano.specs -mfpu=fpv4-sp-d16 -mfloat-abi=hard -mthumb -o "Drivers/STM32F4xx_HAL_Driver/Src/stm32f4xx_hal_flash_ex.o"
arm-none-eabi-gcc "../Drivers/STM32F4xx_HAL_Driver/Src/stm32f4xx_hal_flash_ramfunc.c" -mcpu=cortex-m4 -std=gnu11 -g3 -DDEBUG -DUSE_HAL_DRIVER -DSTM32F407xx -c -I../Core/Inc -I../Drivers/STM32F4xx_HAL_Driver/Inc -I../Drivers/STM32F4xx_HAL_Driver/Inc/Legacy -I../Drivers/CMSIS/Device/ST/STM32F4xx/Include -I../Drivers/CMSIS/Include -O0 -ffunction-sections -fdata-sections -Wall -fstack-usage -fcyclomatic-complexity -MMD -MP -MF"Drivers/STM32F4xx_HAL_Driver/Src/stm32f4xx_hal_flash_ramfunc.d" -MT"Drivers/STM32F4xx_HAL_Driver/Src/stm32f4xx_hal_flash_ramfunc.o" --specs=nano.specs -mfpu=fpv4-sp-d16 -mfloat-abi=hard -mthumb -o "Drivers/STM32F4xx_HAL_Driver/Src/stm32f4xx_hal_flash_ramfunc.o"
arm-none-eabi-gcc "../Drivers/STM32F4xx_HAL_Driver/Src/stm32f4xx_hal_gpio.c" -mcpu=cortex-m4 -std=gnu11 -g3 -DDEBUG -DUSE_HAL_DRIVER -DSTM32F407xx -c -I../Core/Inc -I../Drivers/STM32F4xx_HAL_Driver/Inc -I../Drivers/STM32F4xx_HAL_Driver/Inc/Legacy -I../Drivers/CMSIS/Device/ST/STM32F4xx/Include -I../Drivers/CMSIS/Include -O0 -ffunction-sections -fdata-sections -Wall -fstack-usage -fcyclomatic-complexity -MMD -MP -MF"Drivers/STM32F4xx_HAL_Driver/Src/stm32f4xx_hal_gpio.d" -MT"Drivers/STM32F4xx_HAL_Driver/Src/stm32f4xx_hal_gpio.o" --specs=nano.specs -mfpu=fpv4-sp-d16 -mfloat-abi=hard -mthumb -o "Drivers/STM32F4xx_HAL_Driver/Src/stm32f4xx_hal_gpio.o"
arm-none-eabi-gcc "../Drivers/STM32F4xx_HAL_Driver/Src/stm32f4xx_hal_i2c.c" -mcpu=cortex-m4 -std=gnu11 -g3 -DDEBUG -DUSE_HAL_DRIVER -DSTM32F407xx -c -I../Core/Inc -I../Drivers/STM32F4xx_HAL_Driver/Inc -I../Drivers/STM32F4xx_HAL_Driver/Inc/Legacy -I../Drivers/CMSIS/Device/ST/STM32F4xx/Include -I../Drivers/CMSIS/Include -O0 -ffunction-sections -fdata-sections -Wall -fstack-usage -fcyclomatic-complexity -MMD -MP -MF"Drivers/STM32F4xx_HAL_Driver/Src/stm32f4xx_hal_i2c.d" -MT"Drivers/STM32F4xx_HAL_Driver/Src/stm32f4xx_hal_i2c.o" --specs=nano.specs -mfpu=fpv4-sp-d16 -mfloat-abi=hard -mthumb -o "Drivers/STM32F4xx_HAL_Driver/Src/stm32f4xx_hal_i2c.o"
arm-none-eabi-gcc "../Drivers/STM32F4xx_HAL_Driver/Src/stm32f4xx_hal_i2c_ex.c" -mcpu=cortex-m4 -std=gnu11 -g3 -DDEBUG -DUSE_HAL_DRIVER -DSTM32F407xx -c -I../Core/Inc -I../Drivers/STM32F4xx_HAL_Driver/Inc -I../Drivers/STM32F4xx_HAL_Driver/Inc/Legacy -I../Drivers/CMSIS/Device/ST/STM32F4xx/Include -I../Drivers/CMSIS/Include -O0 -ffunction-sections -fdata-sections -Wall -fstack-usage -fcyclomatic-complexity -MMD -MP -MF"Drivers/STM32F4xx_HAL_Driver/Src/stm32f4xx_hal_i2c_ex.d" -MT"Drivers/STM32F4xx_HAL_Driver/Src/stm32f4xx_hal_i2c_ex.o" --specs=nano.specs -mfpu=fpv4-sp-d16 -mfloat-abi=hard -mthumb -o "Drivers/STM32F4xx_HAL_Driver/Src/stm32f4xx_hal_i2c_ex.o"
arm-none-eabi-gcc "../Drivers/STM32F4xx_HAL_Driver/Src/stm32f4xx_hal_pwr.c" -mcpu=cortex-m4 -std=gnu11 -g3 -DDEBUG -DUSE_HAL_DRIVER -DSTM32F407xx -c -I../Core/Inc -I../Drivers/STM32F4xx_HAL_Driver/Inc -I../Drivers/STM32F4xx_HAL_Driver/Inc/Legacy -I../Drivers/CMSIS/Device/ST/STM32F4xx/Include -I../Drivers/CMSIS/Include -O0 -ffunction-sections -fdata-sections -Wall -fstack-usage -fcyclomatic-complexity -MMD -MP -MF"Drivers/STM32F4xx_HAL_Driver/Src/stm32f4xx_hal_pwr.d" -MT"Drivers/STM32F4xx_HAL_Driver/Src/stm32f4xx_hal_pwr.o" --specs=nano.specs -mfpu=fpv4-sp-d16 -mfloat-abi=hard -mthumb -o "Drivers/STM32F4xx_HAL_Driver/Src/stm32f4xx_hal_pwr.o"
arm-none-eabi-gcc "../Drivers/STM32F4xx_HAL_Driver/Src/stm32f4xx_hal_pwr_ex.c" -mcpu=cortex-m4 -std=gnu11 -g3 -DDEBUG -DUSE_HAL_DRIVER -DSTM32F407xx -c -I../Core/Inc -I../Drivers/STM32F4xx_HAL_Driver/Inc -I../Drivers/STM32F4xx_HAL_Driver/Inc/Legacy -I../Drivers/CMSIS/Device/ST/STM32F4xx/Include -I../Drivers/CMSIS/Include -O0 -ffunction-sections -fdata-sections -Wall -fstack-usage -fcyclomatic-complexity -MMD -MP -MF"Drivers/STM32F4xx_HAL_Driver/Src/stm32f4xx_hal_pwr_ex.d" -MT"Drivers/STM32F4xx_HAL_Driver/Src/stm32f4xx_hal_pwr_ex.o" --specs=nano.specs -mfpu=fpv4-sp-d16 -mfloat-abi=hard -mthumb -o "Drivers/STM32F4xx_HAL_Driver/Src/stm32f4xx_hal_pwr_ex.o"
arm-none-eabi-gcc "../Drivers/STM32F4xx_HAL_Driver/Src/stm32f4xx_hal_rcc.c" -mcpu=cortex-m4 -std=gnu11 -g3 -DDEBUG -DUSE_HAL_DRIVER -DSTM32F407xx -c -I../Core/Inc -I../Drivers/STM32F4xx_HAL_Driver/Inc -I../Drivers/STM32F4xx_HAL_Driver/Inc/Legacy -I../Drivers/CMSIS/Device/ST/STM32F4xx/Include -I../Drivers/CMSIS/Include -O0 -ffunction-sections -fdata-sections -Wall -fstack-usage -fcyclomatic-complexity -MMD -MP -MF"Drivers/STM32F4xx_HAL_Driver/Src/stm32f4xx_hal_rcc.d" -MT"Drivers/STM32F4xx_HAL_Driver/Src/stm32f4xx_hal_rcc.o" --specs=nano.specs -mfpu=fpv4-sp-d16 -mfloat-abi=hard -mthumb -o "Drivers/STM32F4xx_HAL_Driver/Src/stm32f4xx_hal_rcc.o"
arm-none-eabi-gcc "../Drivers/STM32F4xx_HAL_Driver/Src/stm32f4xx_hal_rcc_ex.c" -mcpu=cortex-m4 -std=gnu11 -g3 -DDEBUG -DUSE_HAL_DRIVER -DSTM32F407xx -c -I../Core/Inc -I../Drivers/STM32F4xx_HAL_Driver/Inc -I../Drivers/STM32F4xx_HAL_Driver/Inc/Legacy -I../Drivers/CMSIS/Device/ST/STM32F4xx/Include -I../Drivers/CMSIS/Include -O0 -ffunction-sections -fdata-sections -Wall -fstack-usage -fcyclomatic-complexity -MMD -MP -MF"Drivers/STM32F4xx_HAL_Driver/Src/stm32f4xx_hal_rcc_ex.d" -MT"Drivers/STM32F4xx_HAL_Driver/Src/stm32f4xx_hal_rcc_ex.o" --specs=nano.specs -mfpu=fpv4-sp-d16 -mfloat-abi=hard -mthumb -o "Drivers/STM32F4xx_HAL_Driver/Src/stm32f4xx_hal_rcc_ex.o"
arm-none-eabi-gcc "../Core/Src/main.c" -mcpu=cortex-m4 -std=gnu11 -g3 -DDEBUG -DUSE_HAL_DRIVER -DSTM32F407xx -c -I../Core/Inc -I../Drivers/STM32F4xx_HAL_Driver/Inc -I../Drivers/STM32F4xx_HAL_Driver/Inc/Legacy -I../Drivers/CMSIS/Device/ST/STM32F4xx/Include -I../Drivers/CMSIS/Include -O0 -ffunction-sections -fdata-sections -Wall -fstack-usage -fcyclomatic-complexity -MMD -MP -MF"Core/Src/main.d" -MT"Core/Src/main.o" --specs=nano.specs -mfpu=fpv4-sp-d16 -mfloat-abi=hard -mthumb -o "Core/Src/main.o"
arm-none-eabi-gcc "../Core/Src/my_lcd.c" -mcpu=cortex-m4 -std=gnu11 -g3 -DDEBUG -DUSE_HAL_DRIVER -DSTM32F407xx -c -I../Core/Inc -I../Drivers/STM32F4xx_HAL_Driver/Inc -I../Drivers/STM32F4xx_HAL_Driver/Inc/Legacy -I../Drivers/CMSIS/Device/ST/STM32F4xx/Include -I../Drivers/CMSIS/Include -O0 -ffunction-sections -fdata-sections -Wall -fstack-usage -fcyclomatic-complexity -MMD -MP -MF"Core/Src/my_lcd.d" -MT"Core/Src/my_lcd.o" --specs=nano.specs -mfpu=fpv4-sp-d16 -mfloat-abi=hard -mthumb -o "Core/Src/my_lcd.o"
arm-none-eabi-gcc "../Core/Src/stm32f4xx_hal_msp.c" -mcpu=cortex-m4 -std=gnu11 -g3 -DDEBUG -DUSE_HAL_DRIVER -DSTM32F407xx -c -I../Core/Inc -I../Drivers/STM32F4xx_HAL_Driver/Inc -I../Drivers/STM32F4xx_HAL_Driver/Inc/Legacy -I../Drivers/CMSIS/Device/ST/STM32F4xx/Include -I../Drivers/CMSIS/Include -O0 -ffunction-sections -fdata-sections -Wall -fstack-usage -fcyclomatic-complexity -MMD -MP -MF"Core/Src/stm32f4xx_hal_msp.d" -MT"Core/Src/stm32f4xx_hal_msp.o" --specs=nano.specs -mfpu=fpv4-sp-d16 -mfloat-abi=hard -mthumb -o "Core/Src/stm32f4xx_hal_msp.o"
arm-none-eabi-gcc "../Core/Src/stm32f4xx_it.c" -mcpu=cortex-m4 -std=gnu11 -g3 -DDEBUG -DUSE_HAL_DRIVER -DSTM32F407xx -c -I../Core/Inc -I../Drivers/STM32F4xx_HAL_Driver/Inc -I../Drivers/STM32F4xx_HAL_Driver/Inc/Legacy -I../Drivers/CMSIS/Device/ST/STM32F4xx/Include -I../Drivers/CMSIS/Include -O0 -ffunction-sections -fdata-sections -Wall -fstack-usage -fcyclomatic-complexity -MMD -MP -MF"Core/Src/stm32f4xx_it.d" -MT"Core/Src/stm32f4xx_it.o" --specs=nano.specs -mfpu=fpv4-sp-d16 -mfloat-abi=hard -mthumb -o "Core/Src/stm32f4xx_it.o"
arm-none-eabi-gcc "../Core/Src/system_stm32f4xx.c" -mcpu=cortex-m4 -std=gnu11 -g3 -DDEBUG -DUSE_HAL_DRIVER -DSTM32F407xx -c -I../Core/Inc -I../Drivers/STM32F4xx_HAL_Driver/Inc -I../Drivers/STM32F4xx_HAL_Driver/Inc/Legacy -I../Drivers/CMSIS/Device/ST/STM32F4xx/Include -I../Drivers/CMSIS/Include -O0 -ffunction-sections -fdata-sections -Wall -fstack-usage -fcyclomatic-complexity -MMD -MP -MF"Core/Src/system_stm32f4xx.d" -MT"Core/Src/system_stm32f4xx.o" --specs=nano.specs -mfpu=fpv4-sp-d16 -mfloat-abi=hard -mthumb -o "Core/Src/system_stm32f4xx.o"
../Core/Src/my_lcd.c:270:20: error: redefinition of 'lcd16x2_i2cHandle'
  270 | I2C_HandleTypeDef* lcd16x2_i2cHandle = NULL;
      |                    ^~~~~~~~~~~~~~~~~
../Core/Src/my_lcd.c:29:20: note: previous definition of 'lcd16x2_i2cHandle' with type 'I2C_HandleTypeDef *'
   29 | I2C_HandleTypeDef* lcd16x2_i2cHandle = NULL;
      |                    ^~~~~~~~~~~~~~~~~
../Core/Src/my_lcd.c:273:9: error: redefinition of 'LCD_I2C_SLAVE_ADDRESS'
  273 | uint8_t LCD_I2C_SLAVE_ADDRESS = 0;
      |         ^~~~~~~~~~~~~~~~~~~~~
../Core/Src/my_lcd.c:32:9: note: previous definition of 'LCD_I2C_SLAVE_ADDRESS' with type 'uint8_t' {aka 'unsigned char'}
   32 | uint8_t LCD_I2C_SLAVE_ADDRESS = 0;
      |         ^~~~~~~~~~~~~~~~~~~~~
../Core/Src/my_lcd.c:284:19: error: redefinition of 'lcd_i2c_send_nibble'
  284 | HAL_StatusTypeDef lcd_i2c_send_nibble(uint8_t nibble_with_flags)
      |                   ^~~~~~~~~~~~~~~~~~~
../Core/Src/my_lcd.c:43:19: note: previous definition of 'lcd_i2c_send_nibble' with type 'HAL_StatusTypeDef(uint8_t)' {aka 'HAL_StatusTypeDef(unsigned char)'}
   43 | HAL_StatusTypeDef lcd_i2c_send_nibble(uint8_t nibble_with_flags)
      |                   ^~~~~~~~~~~~~~~~~~~
../Core/Src/my_lcd.c:311:6: error: redefinition of 'lcd16x2_i2c_sendCommand'
  311 | void lcd16x2_i2c_sendCommand(uint8_t command)
      |      ^~~~~~~~~~~~~~~~~~~~~~~
../Core/Src/my_lcd.c:70:6: note: previous definition of 'lcd16x2_i2c_sendCommand' with type 'void(uint8_t)' {aka 'void(unsigned char)'}
   70 | void lcd16x2_i2c_sendCommand(uint8_t command)
      |      ^~~~~~~~~~~~~~~~~~~~~~~
../Core/Src/my_lcd.c:338:6: error: redefinition of 'lcd16x2_i2c_sendData'
  338 | void lcd16x2_i2c_sendData(uint8_t data)
      |      ^~~~~~~~~~~~~~~~~~~~
../Core/Src/my_lcd.c:97:6: note: previous definition of 'lcd16x2_i2c_sendData' with type 'void(uint8_t)' {aka 'void(unsigned char)'}
   97 | void lcd16x2_i2c_sendData(uint8_t data)
      |      ^~~~~~~~~~~~~~~~~~~~
../Core/Src/my_lcd.c:367:6: error: redefinition of 'lcd16x2_i2c_init'
  367 | bool lcd16x2_i2c_init(I2C_HandleTypeDef *pI2cHandle)
      |      ^~~~~~~~~~~~~~~~
../Core/Src/my_lcd.c:126:6: note: previous definition of 'lcd16x2_i2c_init' with type '_Bool(I2C_HandleTypeDef *)'
  126 | bool lcd16x2_i2c_init(I2C_HandleTypeDef *pI2cHandle)
      |      ^~~~~~~~~~~~~~~~
../Core/Src/my_lcd.c:433:6: error: redefinition of 'lcd16x2_i2c_setCursor'
  433 | void lcd16x2_i2c_setCursor(uint8_t row, uint8_t col)
      |      ^~~~~~~~~~~~~~~~~~~~~
../Core/Src/my_lcd.c:192:6: note: previous definition of 'lcd16x2_i2c_setCursor' with type 'void(uint8_t,  uint8_t)' {aka 'void(unsigned char,  unsigned char)'}
  192 | void lcd16x2_i2c_setCursor(uint8_t row, uint8_t col)
      |      ^~~~~~~~~~~~~~~~~~~~~
../Core/Src/my_lcd.c:454:6: error: redefinition of 'lcd16x2_i2c_clear'
  454 | void lcd16x2_i2c_clear(void)
      |      ^~~~~~~~~~~~~~~~~
../Core/Src/my_lcd.c:213:6: note: previous definition of 'lcd16x2_i2c_clear' with type 'void(void)'
  213 | void lcd16x2_i2c_clear(void)
      |      ^~~~~~~~~~~~~~~~~
../Core/Src/my_lcd.c:459:6: error: redefinition of 'lcd16x2_i2c_1stLine'
  459 | void lcd16x2_i2c_1stLine(void)
      |      ^~~~~~~~~~~~~~~~~~~
../Core/Src/my_lcd.c:218:6: note: previous definition of 'lcd16x2_i2c_1stLine' with type 'void(void)'
  218 | void lcd16x2_i2c_1stLine(void)
      |      ^~~~~~~~~~~~~~~~~~~
../Core/Src/my_lcd.c:470:6: error: redefinition of 'lcd16x2_i2c_printf'
  470 | void lcd16x2_i2c_printf(const char* str)
      |      ^~~~~~~~~~~~~~~~~~
../Core/Src/my_lcd.c:229:6: note: previous definition of 'lcd16x2_i2c_printf' with type 'void(const char *)'
  229 | void lcd16x2_i2c_printf(const char* str)
      |      ^~~~~~~~~~~~~~~~~~
../Core/Src/my_lcd.c:511:20: error: redefinition of 'lcd16x2_i2cHandle'
  511 | I2C_HandleTypeDef* lcd16x2_i2cHandle = NULL;
      |                    ^~~~~~~~~~~~~~~~~
../Core/Src/my_lcd.c:29:20: note: previous definition of 'lcd16x2_i2cHandle' with type 'I2C_HandleTypeDef *'
   29 | I2C_HandleTypeDef* lcd16x2_i2cHandle = NULL;
      |                    ^~~~~~~~~~~~~~~~~
../Core/Src/my_lcd.c:514:9: error: redefinition of 'LCD_I2C_SLAVE_ADDRESS'
  514 | uint8_t LCD_I2C_SLAVE_ADDRESS = 0;
      |         ^~~~~~~~~~~~~~~~~~~~~
../Core/Src/my_lcd.c:32:9: note: previous definition of 'LCD_I2C_SLAVE_ADDRESS' with type 'uint8_t' {aka 'unsigned char'}
   32 | uint8_t LCD_I2C_SLAVE_ADDRESS = 0;
      |         ^~~~~~~~~~~~~~~~~~~~~
../Core/Src/my_lcd.c:525:19: error: redefinition of 'lcd_i2c_send_nibble'
  525 | HAL_StatusTypeDef lcd_i2c_send_nibble(uint8_t nibble_with_flags)
      |                   ^~~~~~~~~~~~~~~~~~~
../Core/Src/my_lcd.c:43:19: note: previous definition of 'lcd_i2c_send_nibble' with type 'HAL_StatusTypeDef(uint8_t)' {aka 'HAL_StatusTypeDef(unsigned char)'}
   43 | HAL_StatusTypeDef lcd_i2c_send_nibble(uint8_t nibble_with_flags)
      |                   ^~~~~~~~~~~~~~~~~~~
../Core/Src/my_lcd.c:552:6: error: redefinition of 'lcd16x2_i2c_sendCommand'
  552 | void lcd16x2_i2c_sendCommand(uint8_t command)
      |      ^~~~~~~~~~~~~~~~~~~~~~~
../Core/Src/my_lcd.c:70:6: note: previous definition of 'lcd16x2_i2c_sendCommand' with type 'void(uint8_t)' {aka 'void(unsigned char)'}
   70 | void lcd16x2_i2c_sendCommand(uint8_t command)
      |      ^~~~~~~~~~~~~~~~~~~~~~~
../Core/Src/my_lcd.c:579:6: error: redefinition of 'lcd16x2_i2c_sendData'
  579 | void lcd16x2_i2c_sendData(uint8_t data)
      |      ^~~~~~~~~~~~~~~~~~~~
../Core/Src/my_lcd.c:97:6: note: previous definition of 'lcd16x2_i2c_sendData' with type 'void(uint8_t)' {aka 'void(unsigned char)'}
   97 | void lcd16x2_i2c_sendData(uint8_t data)
      |      ^~~~~~~~~~~~~~~~~~~~
../Core/Src/my_lcd.c:608:6: error: redefinition of 'lcd16x2_i2c_init'
  608 | bool lcd16x2_i2c_init(I2C_HandleTypeDef *pI2cHandle)
      |      ^~~~~~~~~~~~~~~~
../Core/Src/my_lcd.c:126:6: note: previous definition of 'lcd16x2_i2c_init' with type '_Bool(I2C_HandleTypeDef *)'
  126 | bool lcd16x2_i2c_init(I2C_HandleTypeDef *pI2cHandle)
      |      ^~~~~~~~~~~~~~~~
../Core/Src/my_lcd.c:674:6: error: redefinition of 'lcd16x2_i2c_setCursor'
  674 | void lcd16x2_i2c_setCursor(uint8_t row, uint8_t col)
      |      ^~~~~~~~~~~~~~~~~~~~~
../Core/Src/my_lcd.c:192:6: note: previous definition of 'lcd16x2_i2c_setCursor' with type 'void(uint8_t,  uint8_t)' {aka 'void(unsigned char,  unsigned char)'}
  192 | void lcd16x2_i2c_setCursor(uint8_t row, uint8_t col)
      |      ^~~~~~~~~~~~~~~~~~~~~
../Core/Src/my_lcd.c:695:6: error: redefinition of 'lcd16x2_i2c_clear'
  695 | void lcd16x2_i2c_clear(void)
      |      ^~~~~~~~~~~~~~~~~
../Core/Src/my_lcd.c:213:6: note: previous definition of 'lcd16x2_i2c_clear' with type 'void(void)'
  213 | void lcd16x2_i2c_clear(void)
      |      ^~~~~~~~~~~~~~~~~
../Core/Src/my_lcd.c:700:6: error: redefinition of 'lcd16x2_i2c_1stLine'
  700 | void lcd16x2_i2c_1stLine(void)
      |      ^~~~~~~~~~~~~~~~~~~
../Core/Src/my_lcd.c:218:6: note: previous definition of 'lcd16x2_i2c_1stLine' with type 'void(void)'
  218 | void lcd16x2_i2c_1stLine(void)
      |      ^~~~~~~~~~~~~~~~~~~
../Core/Src/my_lcd.c:711:6: error: redefinition of 'lcd16x2_i2c_printf'
  711 | void lcd16x2_i2c_printf(const char* str)
      |      ^~~~~~~~~~~~~~~~~~
../Core/Src/my_lcd.c:229:6: note: previous definition of 'lcd16x2_i2c_printf' with type 'void(const char *)'
  229 | void lcd16x2_i2c_printf(const char* str)
      |      ^~~~~~~~~~~~~~~~~~
make: *** [Core/Src/subdir.mk:37: Core/Src/my_lcd.o] Error 1
make: *** Waiting for unfinished jobs....
"make -j8 all" terminated with exit code 2. Build might be incomplete.

21:43:17 Build Failed. 22 errors, 0 warnings. (took 2s.691ms)

